<?xml version="1.0" encoding="UTF-8"?>
<!-- Generated by org.testng.reporters.JUnitReportReporter -->
<testsuite hostname="DESKTOP-KHIOIP7" failures="0" tests="1" name="com.InetBankingV1.testCases.TC_AddCustomerTest_003" time="30.163" errors="0" timestamp="2022-09-19T15:39:02 IST" skipped="0">
  <testcase classname="com.InetBankingV1.testCases.TC_AddCustomerTest_003" name="addNewCustmer" time="30.163"/>
  <system-out/>
</testsuite> <!-- com.InetBankingV1.testCases.TC_AddCustomerTest_003 -->
