<?xml version="1.0" encoding="UTF-8"?>
<!-- Generated by org.testng.reporters.JUnitReportReporter -->
<testsuite hostname="DESKTOP-KHIOIP7" failures="0" tests="1" name="com.InetBankingV1.testCases.TC_LoginDDT_002" time="0.000" errors="0" timestamp="2022-09-19T11:31:35 IST" skipped="1">
  <testcase classname="com.InetBankingV1.testCases.TC_LoginDDT_002" name="loginDDT" time="0.000">
    <skipped/>
  </testcase> <!-- loginDDT -->
  <system-out/>
</testsuite> <!-- com.InetBankingV1.testCases.TC_LoginDDT_002 -->
