<?xml version="1.0" encoding="UTF-8"?>
<!-- Generated by org.testng.reporters.JUnitReportReporter -->
<testsuite hostname="DESKTOP-KHIOIP7" failures="0" tests="1" name="com.InetBankingV1.testCases.TC_LoginTest_001" time="5.744" errors="0" timestamp="2022-09-19T09:15:29 IST" skipped="0">
  <testcase classname="com.InetBankingV1.testCases.TC_LoginTest_001" name="loginTest" time="5.744"/>
  <system-out/>
</testsuite> <!-- com.InetBankingV1.testCases.TC_LoginTest_001 -->
