<?xml version="1.0" encoding="UTF-8"?>
<!-- Generated by org.testng.reporters.JUnitReportReporter -->
<testsuite hostname="DESKTOP-KHIOIP7" failures="0" tests="1" name="com.InetBankingV1.testCases.TC_LoginTest_001" time="12.940" errors="0" timestamp="2022-09-21T11:54:03 IST" skipped="0">
  <testcase classname="com.InetBankingV1.testCases.TC_LoginTest_001" name="loginTest" time="12.940"/>
  <system-out/>
</testsuite> <!-- com.InetBankingV1.testCases.TC_LoginTest_001 -->
